{"numFailedTestSuites":1,"numFailedTests":2,"numPassedTestSuites":1,"numPassedTests":3,"numPendingTestSuites":0,"numPendingTests":0,"numRuntimeErrorTestSuites":0,"numTodoTests":0,"numTotalTestSuites":2,"numTotalTests":5,"openHandles":[],"snapshot":{"added":0,"didUpdate":false,"failure":false,"filesAdded":0,"filesRemoved":0,"filesRemovedList":[],"filesUnmatched":0,"filesUpdated":0,"matched":0,"total":0,"unchecked":0,"uncheckedKeysByFile":[],"unmatched":0,"updated":0},"startTime":1772428608734,"success":false,"testResults":[{"assertionResults":[{"ancestorTitles":["SystemExplorer Rule Trace edge cases (mocked registry)"],"failureMessages":["TypeError: Cannot read properties of null (reading 'useState')\n    at Object.<anonymous>.process.env.NODE_ENV.exports.useState (/home/kavia/workspace/code-generation/vidartemp-241506/frontend/node_modules/react/cjs/react.development.js:1263:33)\n    at SystemExplorer (/home/kavia/workspace/code-generation/vidartemp-241506/frontend/src/views/SystemExplorer.js:923:41)\n    at Object.react_stack_bottom_frame (/home/kavia/workspace/code-generation/vidartemp-241506/frontend/node_modules/react-dom/cjs/react-dom-client.development.js:25904:20)\n    at renderWithHooks (/home/kavia/workspace/code-generation/vidartemp-241506/frontend/node_modules/react-dom/cjs/react-dom-client.development.js:7662:22)\n    at updateFunctionComponent (/home/kavia/workspace/code-generation/vidartemp-241506/frontend/node_modules/react-dom/cjs/react-dom-client.development.js:10166:19)\n    at beginWork (/home/kavia/workspace/code-generation/vidartemp-241506/frontend/node_modules/react-dom/cjs/react-dom-client.development.js:11778:18)\n    at runWithFiberInDEV (/home/kavia/workspace/code-generation/vidartemp-241506/frontend/node_modules/react-dom/cjs/react-dom-client.development.js:874:13)\n    at performUnitOfWork (/home/kavia/workspace/code-generation/vidartemp-241506/frontend/node_modules/react-dom/cjs/react-dom-client.development.js:17641:22)\n    at workLoopSync (/home/kavia/workspace/code-generation/vidartemp-241506/frontend/node_modules/react-dom/cjs/react-dom-client.development.js:17469:41)\n    at renderRootSync (/home/kavia/workspace/code-generation/vidartemp-241506/frontend/node_modules/react-dom/cjs/react-dom-client.development.js:17450:11)\n    at performWorkOnRoot (/home/kavia/workspace/code-generation/vidartemp-241506/frontend/node_modules/react-dom/cjs/react-dom-client.development.js:16583:35)\n    at performWorkOnRootViaSchedulerTask (/home/kavia/workspace/code-generation/vidartemp-241506/frontend/node_modules/react-dom/cjs/react-dom-client.development.js:18957:7)\n    at flushActQueue (/home/kavia/workspace/code-generation/vidartemp-241506/frontend/node_modules/react/cjs/react.development.js:590:34)\n    at Object.<anonymous>.process.env.NODE_ENV.exports.act (/home/kavia/workspace/code-generation/vidartemp-241506/frontend/node_modules/react/cjs/react.development.js:884:10)\n    at /home/kavia/workspace/code-generation/vidartemp-241506/frontend/node_modules/@testing-library/react/dist/act-compat.js:46:25\n    at renderRoot (/home/kavia/workspace/code-generation/vidartemp-241506/frontend/node_modules/@testing-library/react/dist/pure.js:189:26)\n    at render (/home/kavia/workspace/code-generation/vidartemp-241506/frontend/node_modules/@testing-library/react/dist/pure.js:291:10)\n    at Object.<anonymous> (/home/kavia/workspace/code-generation/vidartemp-241506/frontend/src/views/SystemExplorer.ruleTrace.edgeCases.test.js:132:11)\n    at Promise.then.completed (/home/kavia/workspace/code-generation/vidartemp-241506/frontend/node_modules/jest-circus/build/utils.js:391:28)\n    at new Promise (<anonymous>)\n    at callAsyncCircusFn (/home/kavia/workspace/code-generation/vidartemp-241506/frontend/node_modules/jest-circus/build/utils.js:316:10)\n    at _callCircusTest (/home/kavia/workspace/code-generation/vidartemp-241506/frontend/node_modules/jest-circus/build/run.js:218:40)\n    at _runTest (/home/kavia/workspace/code-generation/vidartemp-241506/frontend/node_modules/jest-circus/build/run.js:155:3)\n    at _runTestsForDescribeBlock (/home/kavia/workspace/code-generation/vidartemp-241506/frontend/node_modules/jest-circus/build/run.js:66:9)\n    at _runTestsForDescribeBlock (/home/kavia/workspace/code-generation/vidartemp-241506/frontend/node_modules/jest-circus/build/run.js:60:9)\n    at run (/home/kavia/workspace/code-generation/vidartemp-241506/frontend/node_modules/jest-circus/build/run.js:25:3)\n    at runAndTransformResultsToJestFormat (/home/kavia/workspace/code-generation/vidartemp-241506/frontend/node_modules/jest-circus/build/legacy-code-todo-rewrite/jestAdapterInit.js:170:21)\n    at jestAdapter (/home/kavia/workspace/code-generation/vidartemp-241506/frontend/node_modules/jest-circus/build/legacy-code-todo-rewrite/jestAdapter.js:82:19)\n    at runTestInternal (/home/kavia/workspace/code-generation/vidartemp-241506/frontend/node_modules/jest-runner/build/runTest.js:389:16)\n    at runTest (/home/kavia/workspace/code-generation/vidartemp-241506/frontend/node_modules/jest-runner/build/runTest.js:475:34)"],"fullName":"SystemExplorer Rule Trace edge cases (mocked registry) rule with multiple targetLayers appears for all matching layers and not for non-matching layers","location":null,"status":"failed","title":"rule with multiple targetLayers appears for all matching layers and not for non-matching layers"},{"ancestorTitles":["SystemExplorer Rule Trace edge cases (mocked registry)"],"failureMessages":["TypeError: Cannot read properties of null (reading 'useState')\n    at Object.<anonymous>.process.env.NODE_ENV.exports.useState (/home/kavia/workspace/code-generation/vidartemp-241506/frontend/node_modules/react/cjs/react.development.js:1263:33)\n    at SystemExplorer (/home/kavia/workspace/code-generation/vidartemp-241506/frontend/src/views/SystemExplorer.js:923:41)\n    at Object.react_stack_bottom_frame (/home/kavia/workspace/code-generation/vidartemp-241506/frontend/node_modules/react-dom/cjs/react-dom-client.development.js:25904:20)\n    at renderWithHooks (/home/kavia/workspace/code-generation/vidartemp-241506/frontend/node_modules/react-dom/cjs/react-dom-client.development.js:7662:22)\n    at updateFunctionComponent (/home/kavia/workspace/code-generation/vidartemp-241506/frontend/node_modules/react-dom/cjs/react-dom-client.development.js:10166:19)\n    at beginWork (/home/kavia/workspace/code-generation/vidartemp-241506/frontend/node_modules/react-dom/cjs/react-dom-client.development.js:11778:18)\n    at runWithFiberInDEV (/home/kavia/workspace/code-generation/vidartemp-241506/frontend/node_modules/react-dom/cjs/react-dom-client.development.js:874:13)\n    at performUnitOfWork (/home/kavia/workspace/code-generation/vidartemp-241506/frontend/node_modules/react-dom/cjs/react-dom-client.development.js:17641:22)\n    at workLoopSync (/home/kavia/workspace/code-generation/vidartemp-241506/frontend/node_modules/react-dom/cjs/react-dom-client.development.js:17469:41)\n    at renderRootSync (/home/kavia/workspace/code-generation/vidartemp-241506/frontend/node_modules/react-dom/cjs/react-dom-client.development.js:17450:11)\n    at performWorkOnRoot (/home/kavia/workspace/code-generation/vidartemp-241506/frontend/node_modules/react-dom/cjs/react-dom-client.development.js:16583:35)\n    at performWorkOnRootViaSchedulerTask (/home/kavia/workspace/code-generation/vidartemp-241506/frontend/node_modules/react-dom/cjs/react-dom-client.development.js:18957:7)\n    at flushActQueue (/home/kavia/workspace/code-generation/vidartemp-241506/frontend/node_modules/react/cjs/react.development.js:590:34)\n    at Object.<anonymous>.process.env.NODE_ENV.exports.act (/home/kavia/workspace/code-generation/vidartemp-241506/frontend/node_modules/react/cjs/react.development.js:884:10)\n    at /home/kavia/workspace/code-generation/vidartemp-241506/frontend/node_modules/@testing-library/react/dist/act-compat.js:46:25\n    at renderRoot (/home/kavia/workspace/code-generation/vidartemp-241506/frontend/node_modules/@testing-library/react/dist/pure.js:189:26)\n    at render (/home/kavia/workspace/code-generation/vidartemp-241506/frontend/node_modules/@testing-library/react/dist/pure.js:291:10)\n    at Object.<anonymous> (/home/kavia/workspace/code-generation/vidartemp-241506/frontend/src/views/SystemExplorer.ruleTrace.edgeCases.test.js:203:11)\n    at Promise.then.completed (/home/kavia/workspace/code-generation/vidartemp-241506/frontend/node_modules/jest-circus/build/utils.js:391:28)\n    at new Promise (<anonymous>)\n    at callAsyncCircusFn (/home/kavia/workspace/code-generation/vidartemp-241506/frontend/node_modules/jest-circus/build/utils.js:316:10)\n    at _callCircusTest (/home/kavia/workspace/code-generation/vidartemp-241506/frontend/node_modules/jest-circus/build/run.js:218:40)\n    at _runTest (/home/kavia/workspace/code-generation/vidartemp-241506/frontend/node_modules/jest-circus/build/run.js:155:3)\n    at _runTestsForDescribeBlock (/home/kavia/workspace/code-generation/vidartemp-241506/frontend/node_modules/jest-circus/build/run.js:66:9)\n    at _runTestsForDescribeBlock (/home/kavia/workspace/code-generation/vidartemp-241506/frontend/node_modules/jest-circus/build/run.js:60:9)\n    at run (/home/kavia/workspace/code-generation/vidartemp-241506/frontend/node_modules/jest-circus/build/run.js:25:3)\n    at runAndTransformResultsToJestFormat (/home/kavia/workspace/code-generation/vidartemp-241506/frontend/node_modules/jest-circus/build/legacy-code-todo-rewrite/jestAdapterInit.js:170:21)\n    at jestAdapter (/home/kavia/workspace/code-generation/vidartemp-241506/frontend/node_modules/jest-circus/build/legacy-code-todo-rewrite/jestAdapter.js:82:19)\n    at runTestInternal (/home/kavia/workspace/code-generation/vidartemp-241506/frontend/node_modules/jest-runner/build/runTest.js:389:16)\n    at runTest (/home/kavia/workspace/code-generation/vidartemp-241506/frontend/node_modules/jest-runner/build/runTest.js:475:34)"],"fullName":"SystemExplorer Rule Trace edge cases (mocked registry) mixed numeric/string layer_id normalization: system.layer_id=1 matches rule.targetLayers=['1'] deterministically","location":null,"status":"failed","title":"mixed numeric/string layer_id normalization: system.layer_id=1 matches rule.targetLayers=['1'] deterministically"}],"endTime":1772428610054,"message":"  ● SystemExplorer Rule Trace edge cases (mocked registry) › rule with multiple targetLayers appears for all matching layers and not for non-matching layers\n\n    TypeError: Cannot read properties of null (reading 'useState')\n\n    \u001b[0m \u001b[90m 921 |\u001b[39m \u001b[90m──────────────────────────────────────────────────────────────────────────── */\u001b[39m\n     \u001b[90m 922 |\u001b[39m \u001b[36mexport\u001b[39m \u001b[36mdefault\u001b[39m \u001b[36mfunction\u001b[39m \u001b[33mSystemExplorer\u001b[39m() {\n    \u001b[31m\u001b[1m>\u001b[22m\u001b[39m\u001b[90m 923 |\u001b[39m   \u001b[36mconst\u001b[39m [systems\u001b[33m,\u001b[39m setSystems] \u001b[33m=\u001b[39m useState([])\u001b[33m;\u001b[39m\n     \u001b[90m     |\u001b[39m                                         \u001b[31m\u001b[1m^\u001b[22m\u001b[39m\n     \u001b[90m 924 |\u001b[39m   \u001b[36mconst\u001b[39m [loading\u001b[33m,\u001b[39m setLoading] \u001b[33m=\u001b[39m useState(\u001b[36mtrue\u001b[39m)\u001b[33m;\u001b[39m\n     \u001b[90m 925 |\u001b[39m   \u001b[36mconst\u001b[39m [error\u001b[33m,\u001b[39m setError] \u001b[33m=\u001b[39m useState(\u001b[36mnull\u001b[39m)\u001b[33m;\u001b[39m\n     \u001b[90m 926 |\u001b[39m   \u001b[36mconst\u001b[39m [selected\u001b[33m,\u001b[39m setSelected] \u001b[33m=\u001b[39m useState(\u001b[36mnull\u001b[39m)\u001b[33m;\u001b[39m\u001b[0m\n\n      at Object.<anonymous>.process.env.NODE_ENV.exports.useState (node_modules/react/cjs/react.development.js:1263:33)\n      at SystemExplorer (src/views/SystemExplorer.js:923:41)\n      at Object.react_stack_bottom_frame (node_modules/react-dom/cjs/react-dom-client.development.js:25904:20)\n      at renderWithHooks (node_modules/react-dom/cjs/react-dom-client.development.js:7662:22)\n      at updateFunctionComponent (node_modules/react-dom/cjs/react-dom-client.development.js:10166:19)\n      at beginWork (node_modules/react-dom/cjs/react-dom-client.development.js:11778:18)\n      at runWithFiberInDEV (node_modules/react-dom/cjs/react-dom-client.development.js:874:13)\n      at performUnitOfWork (node_modules/react-dom/cjs/react-dom-client.development.js:17641:22)\n      at workLoopSync (node_modules/react-dom/cjs/react-dom-client.development.js:17469:41)\n      at renderRootSync (node_modules/react-dom/cjs/react-dom-client.development.js:17450:11)\n      at performWorkOnRoot (node_modules/react-dom/cjs/react-dom-client.development.js:16583:35)\n      at performWorkOnRootViaSchedulerTask (node_modules/react-dom/cjs/react-dom-client.development.js:18957:7)\n      at flushActQueue (node_modules/react/cjs/react.development.js:590:34)\n      at Object.<anonymous>.process.env.NODE_ENV.exports.act (node_modules/react/cjs/react.development.js:884:10)\n      at node_modules/@testing-library/react/dist/act-compat.js:46:25\n      at renderRoot (node_modules/@testing-library/react/dist/pure.js:189:26)\n      at render (node_modules/@testing-library/react/dist/pure.js:291:10)\n      at Object.<anonymous> (src/views/SystemExplorer.ruleTrace.edgeCases.test.js:132:11)\n\n  ● SystemExplorer Rule Trace edge cases (mocked registry) › mixed numeric/string layer_id normalization: system.layer_id=1 matches rule.targetLayers=['1'] deterministically\n\n    TypeError: Cannot read properties of null (reading 'useState')\n\n    \u001b[0m \u001b[90m 921 |\u001b[39m \u001b[90m──────────────────────────────────────────────────────────────────────────── */\u001b[39m\n     \u001b[90m 922 |\u001b[39m \u001b[36mexport\u001b[39m \u001b[36mdefault\u001b[39m \u001b[36mfunction\u001b[39m \u001b[33mSystemExplorer\u001b[39m() {\n    \u001b[31m\u001b[1m>\u001b[22m\u001b[39m\u001b[90m 923 |\u001b[39m   \u001b[36mconst\u001b[39m [systems\u001b[33m,\u001b[39m setSystems] \u001b[33m=\u001b[39m useState([])\u001b[33m;\u001b[39m\n     \u001b[90m     |\u001b[39m                                         \u001b[31m\u001b[1m^\u001b[22m\u001b[39m\n     \u001b[90m 924 |\u001b[39m   \u001b[36mconst\u001b[39m [loading\u001b[33m,\u001b[39m setLoading] \u001b[33m=\u001b[39m useState(\u001b[36mtrue\u001b[39m)\u001b[33m;\u001b[39m\n     \u001b[90m 925 |\u001b[39m   \u001b[36mconst\u001b[39m [error\u001b[33m,\u001b[39m setError] \u001b[33m=\u001b[39m useState(\u001b[36mnull\u001b[39m)\u001b[33m;\u001b[39m\n     \u001b[90m 926 |\u001b[39m   \u001b[36mconst\u001b[39m [selected\u001b[33m,\u001b[39m setSelected] \u001b[33m=\u001b[39m useState(\u001b[36mnull\u001b[39m)\u001b[33m;\u001b[39m\u001b[0m\n\n      at Object.<anonymous>.process.env.NODE_ENV.exports.useState (node_modules/react/cjs/react.development.js:1263:33)\n      at SystemExplorer (src/views/SystemExplorer.js:923:41)\n      at Object.react_stack_bottom_frame (node_modules/react-dom/cjs/react-dom-client.development.js:25904:20)\n      at renderWithHooks (node_modules/react-dom/cjs/react-dom-client.development.js:7662:22)\n      at updateFunctionComponent (node_modules/react-dom/cjs/react-dom-client.development.js:10166:19)\n      at beginWork (node_modules/react-dom/cjs/react-dom-client.development.js:11778:18)\n      at runWithFiberInDEV (node_modules/react-dom/cjs/react-dom-client.development.js:874:13)\n      at performUnitOfWork (node_modules/react-dom/cjs/react-dom-client.development.js:17641:22)\n      at workLoopSync (node_modules/react-dom/cjs/react-dom-client.development.js:17469:41)\n      at renderRootSync (node_modules/react-dom/cjs/react-dom-client.development.js:17450:11)\n      at performWorkOnRoot (node_modules/react-dom/cjs/react-dom-client.development.js:16583:35)\n      at performWorkOnRootViaSchedulerTask (node_modules/react-dom/cjs/react-dom-client.development.js:18957:7)\n      at flushActQueue (node_modules/react/cjs/react.development.js:590:34)\n      at Object.<anonymous>.process.env.NODE_ENV.exports.act (node_modules/react/cjs/react.development.js:884:10)\n      at node_modules/@testing-library/react/dist/act-compat.js:46:25\n      at renderRoot (node_modules/@testing-library/react/dist/pure.js:189:26)\n      at render (node_modules/@testing-library/react/dist/pure.js:291:10)\n      at Object.<anonymous> (src/views/SystemExplorer.ruleTrace.edgeCases.test.js:203:11)\n","name":"/home/kavia/workspace/code-generation/vidartemp-241506/frontend/src/views/SystemExplorer.ruleTrace.edgeCases.test.js","startTime":1772428609187,"status":"failed","summary":""},{"assertionResults":[{"ancestorTitles":["SystemExplorer Rule Trace differentiation"],"failureMessages":[],"fullName":"SystemExplorer Rule Trace differentiation shows layer-specific ruleCodes with no overlap and deterministic ordering by ruleCode","location":null,"status":"passed","title":"shows layer-specific ruleCodes with no overlap and deterministic ordering by ruleCode"},{"ancestorTitles":["SystemExplorer Rule Trace differentiation"],"failureMessages":[],"fullName":"SystemExplorer Rule Trace differentiation system with a layer_id that has no matching rules shows deterministic empty Rule Trace state (no crash)","location":null,"status":"passed","title":"system with a layer_id that has no matching rules shows deterministic empty Rule Trace state (no crash)"},{"ancestorTitles":["SystemExplorer Rule Trace differentiation"],"failureMessages":[],"fullName":"SystemExplorer Rule Trace differentiation deterministic ordering stability: rendering twice yields identical ruleCode order","location":null,"status":"passed","title":"deterministic ordering stability: rendering twice yields identical ruleCode order"}],"endTime":1772428610856,"message":"","name":"/home/kavia/workspace/code-generation/vidartemp-241506/frontend/src/views/SystemExplorer.ruleTrace.test.js","startTime":1772428610073,"status":"passed","summary":""}],"wasInterrupted":false}